# Logfile created on 2014-06-25 18:44:30 +0200 by logger.rb/1.2.8
[0;97;49mStarted GET "/" at 2014-06-25 18:44:47 +0200[0m
Detecting locale EN
Found page "Home page" [index]
  Rendered liquid page template
[0;32;49mCompleted 200 OK in 36.7ms

[0m
[0;97;49mStarted GET "/" at 2014-06-25 18:44:54 +0200[0m
Detecting locale EN
Found page "Home page" [index]
  Rendered liquid page template
[0;32;49mCompleted 200 OK in 2.1ms

[0m
(<unknown>): did not find expected key while parsing a block mapping at line 4 column 1
	/Users/mostafa/.rvm/rubies/ruby-2.1.1/lib/ruby/2.1.0/psych.rb:370:in `parse'
	/Users/mostafa/.rvm/rubies/ruby-2.1.1/lib/ruby/2.1.0/psych.rb:370:in `parse_stream'
	/Users/mostafa/.rvm/rubies/ruby-2.1.1/lib/ruby/2.1.0/psych.rb:318:in `parse'
	/Users/mostafa/.rvm/rubies/ruby-2.1.1/lib/ruby/2.1.0/psych.rb:245:in `load'
	/Users/mostafa/.rvm/gems/ruby-2.1.1/gems/locomotivecms_mounter-1.4.1/lib/locomotive/mounter/reader/file_system/base.rb:57:in `read_yaml'
	/Users/mostafa/.rvm/gems/ruby-2.1.1/gems/locomotivecms_mounter-1.4.1/lib/locomotive/mounter/reader/file_system/site_reader.rb:11:in `read'
	/Users/mostafa/.rvm/gems/ruby-2.1.1/gems/locomotivecms_mounter-1.4.1/lib/locomotive/mounter/reader/runner.rb:76:in `block (2 levels) in build_mounting_point'
	/Users/mostafa/.rvm/gems/ruby-2.1.1/gems/locomotivecms_mounter-1.4.1/lib/locomotive/mounter/reader/runner.rb:73:in `each'
	/Users/mostafa/.rvm/gems/ruby-2.1.1/gems/locomotivecms_mounter-1.4.1/lib/locomotive/mounter/reader/runner.rb:73:in `block in build_mounting_point'
	/Users/mostafa/.rvm/gems/ruby-2.1.1/gems/locomotivecms_mounter-1.4.1/lib/locomotive/mounter/reader/runner.rb:70:in `tap'
	/Users/mostafa/.rvm/gems/ruby-2.1.1/gems/locomotivecms_mounter-1.4.1/lib/locomotive/mounter/reader/runner.rb:70:in `build_mounting_point'
	/Users/mostafa/.rvm/gems/ruby-2.1.1/gems/locomotivecms_mounter-1.4.1/lib/locomotive/mounter/reader/runner.rb:29:in `run!'
	/Users/mostafa/.rvm/gems/ruby-2.1.1/gems/locomotivecms_wagon-1.4.0/lib/locomotive/wagon.rb:169:in `require_mounter'
	/Users/mostafa/.rvm/gems/ruby-2.1.1/gems/locomotivecms_wagon-1.4.0/lib/locomotive/wagon.rb:67:in `push'
	/Users/mostafa/.rvm/gems/ruby-2.1.1/gems/locomotivecms_wagon-1.4.0/lib/locomotive/wagon/cli.rb:196:in `push'
	/Users/mostafa/.rvm/gems/ruby-2.1.1/gems/thor-0.19.1/lib/thor/command.rb:27:in `run'
	/Users/mostafa/.rvm/gems/ruby-2.1.1/gems/thor-0.19.1/lib/thor/invocation.rb:126:in `invoke_command'
	/Users/mostafa/.rvm/gems/ruby-2.1.1/gems/thor-0.19.1/lib/thor.rb:359:in `dispatch'
	/Users/mostafa/.rvm/gems/ruby-2.1.1/gems/thor-0.19.1/lib/thor/base.rb:440:in `start'
	/Users/mostafa/.rvm/gems/ruby-2.1.1/gems/locomotivecms_wagon-1.4.0/bin/wagon:9:in `<top (required)>'
	/Users/mostafa/.rvm/gems/ruby-2.1.1/bin/wagon:23:in `load'
	/Users/mostafa/.rvm/gems/ruby-2.1.1/bin/wagon:23:in `<main>'
	/Users/mostafa/.rvm/gems/ruby-2.1.1/bin/ruby_executable_hooks:15:in `eval'
	/Users/mostafa/.rvm/gems/ruby-2.1.1/bin/ruby_executable_hooks:15:in `<main>'


(<unknown>): did not find expected key while parsing a block mapping at line 4 column 1
	/Users/mostafa/.rvm/rubies/ruby-2.1.1/lib/ruby/2.1.0/psych.rb:370:in `parse'
	/Users/mostafa/.rvm/rubies/ruby-2.1.1/lib/ruby/2.1.0/psych.rb:370:in `parse_stream'
	/Users/mostafa/.rvm/rubies/ruby-2.1.1/lib/ruby/2.1.0/psych.rb:318:in `parse'
	/Users/mostafa/.rvm/rubies/ruby-2.1.1/lib/ruby/2.1.0/psych.rb:245:in `load'
	/Users/mostafa/.rvm/gems/ruby-2.1.1/gems/locomotivecms_mounter-1.4.1/lib/locomotive/mounter/reader/file_system/base.rb:57:in `read_yaml'
	/Users/mostafa/.rvm/gems/ruby-2.1.1/gems/locomotivecms_mounter-1.4.1/lib/locomotive/mounter/reader/file_system/site_reader.rb:11:in `read'
	/Users/mostafa/.rvm/gems/ruby-2.1.1/gems/locomotivecms_mounter-1.4.1/lib/locomotive/mounter/reader/runner.rb:76:in `block (2 levels) in build_mounting_point'
	/Users/mostafa/.rvm/gems/ruby-2.1.1/gems/locomotivecms_mounter-1.4.1/lib/locomotive/mounter/reader/runner.rb:73:in `each'
	/Users/mostafa/.rvm/gems/ruby-2.1.1/gems/locomotivecms_mounter-1.4.1/lib/locomotive/mounter/reader/runner.rb:73:in `block in build_mounting_point'
	/Users/mostafa/.rvm/gems/ruby-2.1.1/gems/locomotivecms_mounter-1.4.1/lib/locomotive/mounter/reader/runner.rb:70:in `tap'
	/Users/mostafa/.rvm/gems/ruby-2.1.1/gems/locomotivecms_mounter-1.4.1/lib/locomotive/mounter/reader/runner.rb:70:in `build_mounting_point'
	/Users/mostafa/.rvm/gems/ruby-2.1.1/gems/locomotivecms_mounter-1.4.1/lib/locomotive/mounter/reader/runner.rb:29:in `run!'
	/Users/mostafa/.rvm/gems/ruby-2.1.1/gems/locomotivecms_wagon-1.4.0/lib/locomotive/wagon.rb:169:in `require_mounter'
	/Users/mostafa/.rvm/gems/ruby-2.1.1/gems/locomotivecms_wagon-1.4.0/lib/locomotive/wagon.rb:67:in `push'
	/Users/mostafa/.rvm/gems/ruby-2.1.1/gems/locomotivecms_wagon-1.4.0/lib/locomotive/wagon/cli.rb:196:in `push'
	/Users/mostafa/.rvm/gems/ruby-2.1.1/gems/thor-0.19.1/lib/thor/command.rb:27:in `run'
	/Users/mostafa/.rvm/gems/ruby-2.1.1/gems/thor-0.19.1/lib/thor/invocation.rb:126:in `invoke_command'
	/Users/mostafa/.rvm/gems/ruby-2.1.1/gems/thor-0.19.1/lib/thor.rb:359:in `dispatch'
	/Users/mostafa/.rvm/gems/ruby-2.1.1/gems/thor-0.19.1/lib/thor/base.rb:440:in `start'
	/Users/mostafa/.rvm/gems/ruby-2.1.1/gems/locomotivecms_wagon-1.4.0/bin/wagon:9:in `<top (required)>'
	/Users/mostafa/.rvm/gems/ruby-2.1.1/bin/wagon:23:in `load'
	/Users/mostafa/.rvm/gems/ruby-2.1.1/bin/wagon:23:in `<main>'
	/Users/mostafa/.rvm/gems/ruby-2.1.1/bin/ruby_executable_hooks:15:in `eval'
	/Users/mostafa/.rvm/gems/ruby-2.1.1/bin/ruby_executable_hooks:15:in `<main>'


(<unknown>): did not find expected key while parsing a block mapping at line 4 column 1
	/Users/mostafa/.rvm/rubies/ruby-2.1.1/lib/ruby/2.1.0/psych.rb:370:in `parse'
	/Users/mostafa/.rvm/rubies/ruby-2.1.1/lib/ruby/2.1.0/psych.rb:370:in `parse_stream'
	/Users/mostafa/.rvm/rubies/ruby-2.1.1/lib/ruby/2.1.0/psych.rb:318:in `parse'
	/Users/mostafa/.rvm/rubies/ruby-2.1.1/lib/ruby/2.1.0/psych.rb:245:in `load'
	/Users/mostafa/.rvm/gems/ruby-2.1.1/gems/locomotivecms_mounter-1.4.1/lib/locomotive/mounter/reader/file_system/base.rb:57:in `read_yaml'
	/Users/mostafa/.rvm/gems/ruby-2.1.1/gems/locomotivecms_mounter-1.4.1/lib/locomotive/mounter/reader/file_system/site_reader.rb:11:in `read'
	/Users/mostafa/.rvm/gems/ruby-2.1.1/gems/locomotivecms_mounter-1.4.1/lib/locomotive/mounter/reader/runner.rb:76:in `block (2 levels) in build_mounting_point'
	/Users/mostafa/.rvm/gems/ruby-2.1.1/gems/locomotivecms_mounter-1.4.1/lib/locomotive/mounter/reader/runner.rb:73:in `each'
	/Users/mostafa/.rvm/gems/ruby-2.1.1/gems/locomotivecms_mounter-1.4.1/lib/locomotive/mounter/reader/runner.rb:73:in `block in build_mounting_point'
	/Users/mostafa/.rvm/gems/ruby-2.1.1/gems/locomotivecms_mounter-1.4.1/lib/locomotive/mounter/reader/runner.rb:70:in `tap'
	/Users/mostafa/.rvm/gems/ruby-2.1.1/gems/locomotivecms_mounter-1.4.1/lib/locomotive/mounter/reader/runner.rb:70:in `build_mounting_point'
	/Users/mostafa/.rvm/gems/ruby-2.1.1/gems/locomotivecms_mounter-1.4.1/lib/locomotive/mounter/reader/runner.rb:29:in `run!'
	/Users/mostafa/.rvm/gems/ruby-2.1.1/gems/locomotivecms_wagon-1.4.0/lib/locomotive/wagon.rb:169:in `require_mounter'
	/Users/mostafa/.rvm/gems/ruby-2.1.1/gems/locomotivecms_wagon-1.4.0/lib/locomotive/wagon.rb:67:in `push'
	/Users/mostafa/.rvm/gems/ruby-2.1.1/gems/locomotivecms_wagon-1.4.0/lib/locomotive/wagon/cli.rb:196:in `push'
	/Users/mostafa/.rvm/gems/ruby-2.1.1/gems/thor-0.19.1/lib/thor/command.rb:27:in `run'
	/Users/mostafa/.rvm/gems/ruby-2.1.1/gems/thor-0.19.1/lib/thor/invocation.rb:126:in `invoke_command'
	/Users/mostafa/.rvm/gems/ruby-2.1.1/gems/thor-0.19.1/lib/thor.rb:359:in `dispatch'
	/Users/mostafa/.rvm/gems/ruby-2.1.1/gems/thor-0.19.1/lib/thor/base.rb:440:in `start'
	/Users/mostafa/.rvm/gems/ruby-2.1.1/gems/locomotivecms_wagon-1.4.0/bin/wagon:9:in `<top (required)>'
	/Users/mostafa/.rvm/gems/ruby-2.1.1/bin/wagon:23:in `load'
	/Users/mostafa/.rvm/gems/ruby-2.1.1/bin/wagon:23:in `<main>'
	/Users/mostafa/.rvm/gems/ruby-2.1.1/bin/ruby_executable_hooks:15:in `eval'
	/Users/mostafa/.rvm/gems/ruby-2.1.1/bin/ruby_executable_hooks:15:in `<main>'


(<unknown>): did not find expected key while parsing a block mapping at line 4 column 1
	/Users/mostafa/.rvm/rubies/ruby-2.1.1/lib/ruby/2.1.0/psych.rb:370:in `parse'
	/Users/mostafa/.rvm/rubies/ruby-2.1.1/lib/ruby/2.1.0/psych.rb:370:in `parse_stream'
	/Users/mostafa/.rvm/rubies/ruby-2.1.1/lib/ruby/2.1.0/psych.rb:318:in `parse'
	/Users/mostafa/.rvm/rubies/ruby-2.1.1/lib/ruby/2.1.0/psych.rb:245:in `load'
	/Users/mostafa/.rvm/gems/ruby-2.1.1/gems/locomotivecms_mounter-1.4.1/lib/locomotive/mounter/reader/file_system/base.rb:57:in `read_yaml'
	/Users/mostafa/.rvm/gems/ruby-2.1.1/gems/locomotivecms_mounter-1.4.1/lib/locomotive/mounter/reader/file_system/site_reader.rb:11:in `read'
	/Users/mostafa/.rvm/gems/ruby-2.1.1/gems/locomotivecms_mounter-1.4.1/lib/locomotive/mounter/reader/runner.rb:76:in `block (2 levels) in build_mounting_point'
	/Users/mostafa/.rvm/gems/ruby-2.1.1/gems/locomotivecms_mounter-1.4.1/lib/locomotive/mounter/reader/runner.rb:73:in `each'
	/Users/mostafa/.rvm/gems/ruby-2.1.1/gems/locomotivecms_mounter-1.4.1/lib/locomotive/mounter/reader/runner.rb:73:in `block in build_mounting_point'
	/Users/mostafa/.rvm/gems/ruby-2.1.1/gems/locomotivecms_mounter-1.4.1/lib/locomotive/mounter/reader/runner.rb:70:in `tap'
	/Users/mostafa/.rvm/gems/ruby-2.1.1/gems/locomotivecms_mounter-1.4.1/lib/locomotive/mounter/reader/runner.rb:70:in `build_mounting_point'
	/Users/mostafa/.rvm/gems/ruby-2.1.1/gems/locomotivecms_mounter-1.4.1/lib/locomotive/mounter/reader/runner.rb:29:in `run!'
	/Users/mostafa/.rvm/gems/ruby-2.1.1/gems/locomotivecms_wagon-1.4.0/lib/locomotive/wagon.rb:169:in `require_mounter'
	/Users/mostafa/.rvm/gems/ruby-2.1.1/gems/locomotivecms_wagon-1.4.0/lib/locomotive/wagon.rb:67:in `push'
	/Users/mostafa/.rvm/gems/ruby-2.1.1/gems/locomotivecms_wagon-1.4.0/lib/locomotive/wagon/cli.rb:196:in `push'
	/Users/mostafa/.rvm/gems/ruby-2.1.1/gems/thor-0.19.1/lib/thor/command.rb:27:in `run'
	/Users/mostafa/.rvm/gems/ruby-2.1.1/gems/thor-0.19.1/lib/thor/invocation.rb:126:in `invoke_command'
	/Users/mostafa/.rvm/gems/ruby-2.1.1/gems/thor-0.19.1/lib/thor.rb:359:in `dispatch'
	/Users/mostafa/.rvm/gems/ruby-2.1.1/gems/thor-0.19.1/lib/thor/base.rb:440:in `start'
	/Users/mostafa/.rvm/gems/ruby-2.1.1/gems/locomotivecms_wagon-1.4.0/bin/wagon:9:in `<top (required)>'
	/Users/mostafa/.rvm/gems/ruby-2.1.1/bin/wagon:23:in `load'
	/Users/mostafa/.rvm/gems/ruby-2.1.1/bin/wagon:23:in `<main>'
	/Users/mostafa/.rvm/gems/ruby-2.1.1/bin/ruby_executable_hooks:15:in `eval'
	/Users/mostafa/.rvm/gems/ruby-2.1.1/bin/ruby_executable_hooks:15:in `<main>'


(<unknown>): did not find expected key while parsing a block mapping at line 4 column 1
	/Users/mostafa/.rvm/rubies/ruby-2.1.1/lib/ruby/2.1.0/psych.rb:370:in `parse'
	/Users/mostafa/.rvm/rubies/ruby-2.1.1/lib/ruby/2.1.0/psych.rb:370:in `parse_stream'
	/Users/mostafa/.rvm/rubies/ruby-2.1.1/lib/ruby/2.1.0/psych.rb:318:in `parse'
	/Users/mostafa/.rvm/rubies/ruby-2.1.1/lib/ruby/2.1.0/psych.rb:245:in `load'
	/Users/mostafa/.rvm/gems/ruby-2.1.1/gems/locomotivecms_mounter-1.4.1/lib/locomotive/mounter/reader/file_system/base.rb:57:in `read_yaml'
	/Users/mostafa/.rvm/gems/ruby-2.1.1/gems/locomotivecms_mounter-1.4.1/lib/locomotive/mounter/reader/file_system/site_reader.rb:11:in `read'
	/Users/mostafa/.rvm/gems/ruby-2.1.1/gems/locomotivecms_mounter-1.4.1/lib/locomotive/mounter/reader/runner.rb:76:in `block (2 levels) in build_mounting_point'
	/Users/mostafa/.rvm/gems/ruby-2.1.1/gems/locomotivecms_mounter-1.4.1/lib/locomotive/mounter/reader/runner.rb:73:in `each'
	/Users/mostafa/.rvm/gems/ruby-2.1.1/gems/locomotivecms_mounter-1.4.1/lib/locomotive/mounter/reader/runner.rb:73:in `block in build_mounting_point'
	/Users/mostafa/.rvm/gems/ruby-2.1.1/gems/locomotivecms_mounter-1.4.1/lib/locomotive/mounter/reader/runner.rb:70:in `tap'
	/Users/mostafa/.rvm/gems/ruby-2.1.1/gems/locomotivecms_mounter-1.4.1/lib/locomotive/mounter/reader/runner.rb:70:in `build_mounting_point'
	/Users/mostafa/.rvm/gems/ruby-2.1.1/gems/locomotivecms_mounter-1.4.1/lib/locomotive/mounter/reader/runner.rb:29:in `run!'
	/Users/mostafa/.rvm/gems/ruby-2.1.1/gems/locomotivecms_wagon-1.4.0/lib/locomotive/wagon.rb:169:in `require_mounter'
	/Users/mostafa/.rvm/gems/ruby-2.1.1/gems/locomotivecms_wagon-1.4.0/lib/locomotive/wagon.rb:67:in `push'
	/Users/mostafa/.rvm/gems/ruby-2.1.1/gems/locomotivecms_wagon-1.4.0/lib/locomotive/wagon/cli.rb:196:in `push'
	/Users/mostafa/.rvm/gems/ruby-2.1.1/gems/thor-0.19.1/lib/thor/command.rb:27:in `run'
	/Users/mostafa/.rvm/gems/ruby-2.1.1/gems/thor-0.19.1/lib/thor/invocation.rb:126:in `invoke_command'
	/Users/mostafa/.rvm/gems/ruby-2.1.1/gems/thor-0.19.1/lib/thor.rb:359:in `dispatch'
	/Users/mostafa/.rvm/gems/ruby-2.1.1/gems/thor-0.19.1/lib/thor/base.rb:440:in `start'
	/Users/mostafa/.rvm/gems/ruby-2.1.1/gems/locomotivecms_wagon-1.4.0/bin/wagon:9:in `<top (required)>'
	/Users/mostafa/.rvm/gems/ruby-2.1.1/bin/wagon:23:in `load'
	/Users/mostafa/.rvm/gems/ruby-2.1.1/bin/wagon:23:in `<main>'
	/Users/mostafa/.rvm/gems/ruby-2.1.1/bin/ruby_executable_hooks:15:in `eval'
	/Users/mostafa/.rvm/gems/ruby-2.1.1/bin/ruby_executable_hooks:15:in `<main>'


(<unknown>): did not find expected key while parsing a block mapping at line 4 column 1
	/Users/mostafa/.rvm/rubies/ruby-2.1.1/lib/ruby/2.1.0/psych.rb:370:in `parse'
	/Users/mostafa/.rvm/rubies/ruby-2.1.1/lib/ruby/2.1.0/psych.rb:370:in `parse_stream'
	/Users/mostafa/.rvm/rubies/ruby-2.1.1/lib/ruby/2.1.0/psych.rb:318:in `parse'
	/Users/mostafa/.rvm/rubies/ruby-2.1.1/lib/ruby/2.1.0/psych.rb:245:in `load'
	/Users/mostafa/.rvm/gems/ruby-2.1.1/gems/locomotivecms_mounter-1.4.1/lib/locomotive/mounter/reader/file_system/base.rb:57:in `read_yaml'
	/Users/mostafa/.rvm/gems/ruby-2.1.1/gems/locomotivecms_mounter-1.4.1/lib/locomotive/mounter/reader/file_system/site_reader.rb:11:in `read'
	/Users/mostafa/.rvm/gems/ruby-2.1.1/gems/locomotivecms_mounter-1.4.1/lib/locomotive/mounter/reader/runner.rb:76:in `block (2 levels) in build_mounting_point'
	/Users/mostafa/.rvm/gems/ruby-2.1.1/gems/locomotivecms_mounter-1.4.1/lib/locomotive/mounter/reader/runner.rb:73:in `each'
	/Users/mostafa/.rvm/gems/ruby-2.1.1/gems/locomotivecms_mounter-1.4.1/lib/locomotive/mounter/reader/runner.rb:73:in `block in build_mounting_point'
	/Users/mostafa/.rvm/gems/ruby-2.1.1/gems/locomotivecms_mounter-1.4.1/lib/locomotive/mounter/reader/runner.rb:70:in `tap'
	/Users/mostafa/.rvm/gems/ruby-2.1.1/gems/locomotivecms_mounter-1.4.1/lib/locomotive/mounter/reader/runner.rb:70:in `build_mounting_point'
	/Users/mostafa/.rvm/gems/ruby-2.1.1/gems/locomotivecms_mounter-1.4.1/lib/locomotive/mounter/reader/runner.rb:29:in `run!'
	/Users/mostafa/.rvm/gems/ruby-2.1.1/gems/locomotivecms_wagon-1.4.0/lib/locomotive/wagon.rb:169:in `require_mounter'
	/Users/mostafa/.rvm/gems/ruby-2.1.1/gems/locomotivecms_wagon-1.4.0/lib/locomotive/wagon.rb:67:in `push'
	/Users/mostafa/.rvm/gems/ruby-2.1.1/gems/locomotivecms_wagon-1.4.0/lib/locomotive/wagon/cli.rb:196:in `push'
	/Users/mostafa/.rvm/gems/ruby-2.1.1/gems/thor-0.19.1/lib/thor/command.rb:27:in `run'
	/Users/mostafa/.rvm/gems/ruby-2.1.1/gems/thor-0.19.1/lib/thor/invocation.rb:126:in `invoke_command'
	/Users/mostafa/.rvm/gems/ruby-2.1.1/gems/thor-0.19.1/lib/thor.rb:359:in `dispatch'
	/Users/mostafa/.rvm/gems/ruby-2.1.1/gems/thor-0.19.1/lib/thor/base.rb:440:in `start'
	/Users/mostafa/.rvm/gems/ruby-2.1.1/gems/locomotivecms_wagon-1.4.0/bin/wagon:9:in `<top (required)>'
	/Users/mostafa/.rvm/gems/ruby-2.1.1/bin/wagon:23:in `load'
	/Users/mostafa/.rvm/gems/ruby-2.1.1/bin/wagon:23:in `<main>'
	/Users/mostafa/.rvm/gems/ruby-2.1.1/bin/ruby_executable_hooks:15:in `eval'
	/Users/mostafa/.rvm/gems/ruby-2.1.1/bin/ruby_executable_hooks:15:in `<main>'


(<unknown>): did not find expected key while parsing a block mapping at line 4 column 1
	/Users/mostafa/.rvm/rubies/ruby-2.1.1/lib/ruby/2.1.0/psych.rb:370:in `parse'
	/Users/mostafa/.rvm/rubies/ruby-2.1.1/lib/ruby/2.1.0/psych.rb:370:in `parse_stream'
	/Users/mostafa/.rvm/rubies/ruby-2.1.1/lib/ruby/2.1.0/psych.rb:318:in `parse'
	/Users/mostafa/.rvm/rubies/ruby-2.1.1/lib/ruby/2.1.0/psych.rb:245:in `load'
	/Users/mostafa/.rvm/gems/ruby-2.1.1/gems/locomotivecms_mounter-1.4.1/lib/locomotive/mounter/reader/file_system/base.rb:57:in `read_yaml'
	/Users/mostafa/.rvm/gems/ruby-2.1.1/gems/locomotivecms_mounter-1.4.1/lib/locomotive/mounter/reader/file_system/site_reader.rb:11:in `read'
	/Users/mostafa/.rvm/gems/ruby-2.1.1/gems/locomotivecms_mounter-1.4.1/lib/locomotive/mounter/reader/runner.rb:76:in `block (2 levels) in build_mounting_point'
	/Users/mostafa/.rvm/gems/ruby-2.1.1/gems/locomotivecms_mounter-1.4.1/lib/locomotive/mounter/reader/runner.rb:73:in `each'
	/Users/mostafa/.rvm/gems/ruby-2.1.1/gems/locomotivecms_mounter-1.4.1/lib/locomotive/mounter/reader/runner.rb:73:in `block in build_mounting_point'
	/Users/mostafa/.rvm/gems/ruby-2.1.1/gems/locomotivecms_mounter-1.4.1/lib/locomotive/mounter/reader/runner.rb:70:in `tap'
	/Users/mostafa/.rvm/gems/ruby-2.1.1/gems/locomotivecms_mounter-1.4.1/lib/locomotive/mounter/reader/runner.rb:70:in `build_mounting_point'
	/Users/mostafa/.rvm/gems/ruby-2.1.1/gems/locomotivecms_mounter-1.4.1/lib/locomotive/mounter/reader/runner.rb:29:in `run!'
	/Users/mostafa/.rvm/gems/ruby-2.1.1/gems/locomotivecms_wagon-1.4.0/lib/locomotive/wagon.rb:169:in `require_mounter'
	/Users/mostafa/.rvm/gems/ruby-2.1.1/gems/locomotivecms_wagon-1.4.0/lib/locomotive/wagon.rb:67:in `push'
	/Users/mostafa/.rvm/gems/ruby-2.1.1/gems/locomotivecms_wagon-1.4.0/lib/locomotive/wagon/cli.rb:196:in `push'
	/Users/mostafa/.rvm/gems/ruby-2.1.1/gems/thor-0.19.1/lib/thor/command.rb:27:in `run'
	/Users/mostafa/.rvm/gems/ruby-2.1.1/gems/thor-0.19.1/lib/thor/invocation.rb:126:in `invoke_command'
	/Users/mostafa/.rvm/gems/ruby-2.1.1/gems/thor-0.19.1/lib/thor.rb:359:in `dispatch'
	/Users/mostafa/.rvm/gems/ruby-2.1.1/gems/thor-0.19.1/lib/thor/base.rb:440:in `start'
	/Users/mostafa/.rvm/gems/ruby-2.1.1/gems/locomotivecms_wagon-1.4.0/bin/wagon:9:in `<top (required)>'
	/Users/mostafa/.rvm/gems/ruby-2.1.1/bin/wagon:23:in `load'
	/Users/mostafa/.rvm/gems/ruby-2.1.1/bin/wagon:23:in `<main>'
	/Users/mostafa/.rvm/gems/ruby-2.1.1/bin/ruby_executable_hooks:15:in `eval'
	/Users/mostafa/.rvm/gems/ruby-2.1.1/bin/ruby_executable_hooks:15:in `<main>'


(<unknown>): did not find expected key while parsing a block mapping at line 4 column 1
	/Users/mostafa/.rvm/rubies/ruby-2.1.1/lib/ruby/2.1.0/psych.rb:370:in `parse'
	/Users/mostafa/.rvm/rubies/ruby-2.1.1/lib/ruby/2.1.0/psych.rb:370:in `parse_stream'
	/Users/mostafa/.rvm/rubies/ruby-2.1.1/lib/ruby/2.1.0/psych.rb:318:in `parse'
	/Users/mostafa/.rvm/rubies/ruby-2.1.1/lib/ruby/2.1.0/psych.rb:245:in `load'
	/Users/mostafa/.rvm/gems/ruby-2.1.1/gems/locomotivecms_mounter-1.4.1/lib/locomotive/mounter/reader/file_system/base.rb:57:in `read_yaml'
	/Users/mostafa/.rvm/gems/ruby-2.1.1/gems/locomotivecms_mounter-1.4.1/lib/locomotive/mounter/reader/file_system/site_reader.rb:11:in `read'
	/Users/mostafa/.rvm/gems/ruby-2.1.1/gems/locomotivecms_mounter-1.4.1/lib/locomotive/mounter/reader/runner.rb:76:in `block (2 levels) in build_mounting_point'
	/Users/mostafa/.rvm/gems/ruby-2.1.1/gems/locomotivecms_mounter-1.4.1/lib/locomotive/mounter/reader/runner.rb:73:in `each'
	/Users/mostafa/.rvm/gems/ruby-2.1.1/gems/locomotivecms_mounter-1.4.1/lib/locomotive/mounter/reader/runner.rb:73:in `block in build_mounting_point'
	/Users/mostafa/.rvm/gems/ruby-2.1.1/gems/locomotivecms_mounter-1.4.1/lib/locomotive/mounter/reader/runner.rb:70:in `tap'
	/Users/mostafa/.rvm/gems/ruby-2.1.1/gems/locomotivecms_mounter-1.4.1/lib/locomotive/mounter/reader/runner.rb:70:in `build_mounting_point'
	/Users/mostafa/.rvm/gems/ruby-2.1.1/gems/locomotivecms_mounter-1.4.1/lib/locomotive/mounter/reader/runner.rb:29:in `run!'
	/Users/mostafa/.rvm/gems/ruby-2.1.1/gems/locomotivecms_wagon-1.4.0/lib/locomotive/wagon.rb:169:in `require_mounter'
	/Users/mostafa/.rvm/gems/ruby-2.1.1/gems/locomotivecms_wagon-1.4.0/lib/locomotive/wagon.rb:67:in `push'
	/Users/mostafa/.rvm/gems/ruby-2.1.1/gems/locomotivecms_wagon-1.4.0/lib/locomotive/wagon/cli.rb:196:in `push'
	/Users/mostafa/.rvm/gems/ruby-2.1.1/gems/thor-0.19.1/lib/thor/command.rb:27:in `run'
	/Users/mostafa/.rvm/gems/ruby-2.1.1/gems/thor-0.19.1/lib/thor/invocation.rb:126:in `invoke_command'
	/Users/mostafa/.rvm/gems/ruby-2.1.1/gems/thor-0.19.1/lib/thor.rb:359:in `dispatch'
	/Users/mostafa/.rvm/gems/ruby-2.1.1/gems/thor-0.19.1/lib/thor/base.rb:440:in `start'
	/Users/mostafa/.rvm/gems/ruby-2.1.1/gems/locomotivecms_wagon-1.4.0/bin/wagon:9:in `<top (required)>'
	/Users/mostafa/.rvm/gems/ruby-2.1.1/bin/wagon:23:in `load'
	/Users/mostafa/.rvm/gems/ruby-2.1.1/bin/wagon:23:in `<main>'
	/Users/mostafa/.rvm/gems/ruby-2.1.1/bin/ruby_executable_hooks:15:in `eval'
	/Users/mostafa/.rvm/gems/ruby-2.1.1/bin/ruby_executable_hooks:15:in `<main>'


(<unknown>): did not find expected key while parsing a block mapping at line 4 column 1
	/Users/mostafa/.rvm/rubies/ruby-2.1.1/lib/ruby/2.1.0/psych.rb:370:in `parse'
	/Users/mostafa/.rvm/rubies/ruby-2.1.1/lib/ruby/2.1.0/psych.rb:370:in `parse_stream'
	/Users/mostafa/.rvm/rubies/ruby-2.1.1/lib/ruby/2.1.0/psych.rb:318:in `parse'
	/Users/mostafa/.rvm/rubies/ruby-2.1.1/lib/ruby/2.1.0/psych.rb:245:in `load'
	/Users/mostafa/.rvm/gems/ruby-2.1.1/gems/locomotivecms_mounter-1.4.1/lib/locomotive/mounter/reader/file_system/base.rb:57:in `read_yaml'
	/Users/mostafa/.rvm/gems/ruby-2.1.1/gems/locomotivecms_mounter-1.4.1/lib/locomotive/mounter/reader/file_system/site_reader.rb:11:in `read'
	/Users/mostafa/.rvm/gems/ruby-2.1.1/gems/locomotivecms_mounter-1.4.1/lib/locomotive/mounter/reader/runner.rb:76:in `block (2 levels) in build_mounting_point'
	/Users/mostafa/.rvm/gems/ruby-2.1.1/gems/locomotivecms_mounter-1.4.1/lib/locomotive/mounter/reader/runner.rb:73:in `each'
	/Users/mostafa/.rvm/gems/ruby-2.1.1/gems/locomotivecms_mounter-1.4.1/lib/locomotive/mounter/reader/runner.rb:73:in `block in build_mounting_point'
	/Users/mostafa/.rvm/gems/ruby-2.1.1/gems/locomotivecms_mounter-1.4.1/lib/locomotive/mounter/reader/runner.rb:70:in `tap'
	/Users/mostafa/.rvm/gems/ruby-2.1.1/gems/locomotivecms_mounter-1.4.1/lib/locomotive/mounter/reader/runner.rb:70:in `build_mounting_point'
	/Users/mostafa/.rvm/gems/ruby-2.1.1/gems/locomotivecms_mounter-1.4.1/lib/locomotive/mounter/reader/runner.rb:29:in `run!'
	/Users/mostafa/.rvm/gems/ruby-2.1.1/gems/locomotivecms_wagon-1.4.0/lib/locomotive/wagon.rb:169:in `require_mounter'
	/Users/mostafa/.rvm/gems/ruby-2.1.1/gems/locomotivecms_wagon-1.4.0/lib/locomotive/wagon.rb:67:in `push'
	/Users/mostafa/.rvm/gems/ruby-2.1.1/gems/locomotivecms_wagon-1.4.0/lib/locomotive/wagon/cli.rb:196:in `push'
	/Users/mostafa/.rvm/gems/ruby-2.1.1/gems/thor-0.19.1/lib/thor/command.rb:27:in `run'
	/Users/mostafa/.rvm/gems/ruby-2.1.1/gems/thor-0.19.1/lib/thor/invocation.rb:126:in `invoke_command'
	/Users/mostafa/.rvm/gems/ruby-2.1.1/gems/thor-0.19.1/lib/thor.rb:359:in `dispatch'
	/Users/mostafa/.rvm/gems/ruby-2.1.1/gems/thor-0.19.1/lib/thor/base.rb:440:in `start'
	/Users/mostafa/.rvm/gems/ruby-2.1.1/gems/locomotivecms_wagon-1.4.0/bin/wagon:9:in `<top (required)>'
	/Users/mostafa/.rvm/gems/ruby-2.1.1/bin/wagon:23:in `load'
	/Users/mostafa/.rvm/gems/ruby-2.1.1/bin/wagon:23:in `<main>'
	/Users/mostafa/.rvm/gems/ruby-2.1.1/bin/ruby_executable_hooks:15:in `eval'
	/Users/mostafa/.rvm/gems/ruby-2.1.1/bin/ruby_executable_hooks:15:in `<main>'


(<unknown>): did not find expected key while parsing a block mapping at line 4 column 1
	/Users/mostafa/.rvm/rubies/ruby-2.1.1/lib/ruby/2.1.0/psych.rb:370:in `parse'
	/Users/mostafa/.rvm/rubies/ruby-2.1.1/lib/ruby/2.1.0/psych.rb:370:in `parse_stream'
	/Users/mostafa/.rvm/rubies/ruby-2.1.1/lib/ruby/2.1.0/psych.rb:318:in `parse'
	/Users/mostafa/.rvm/rubies/ruby-2.1.1/lib/ruby/2.1.0/psych.rb:245:in `load'
	/Users/mostafa/.rvm/gems/ruby-2.1.1/gems/locomotivecms_mounter-1.4.1/lib/locomotive/mounter/reader/file_system/base.rb:57:in `read_yaml'
	/Users/mostafa/.rvm/gems/ruby-2.1.1/gems/locomotivecms_mounter-1.4.1/lib/locomotive/mounter/reader/file_system/site_reader.rb:11:in `read'
	/Users/mostafa/.rvm/gems/ruby-2.1.1/gems/locomotivecms_mounter-1.4.1/lib/locomotive/mounter/reader/runner.rb:76:in `block (2 levels) in build_mounting_point'
	/Users/mostafa/.rvm/gems/ruby-2.1.1/gems/locomotivecms_mounter-1.4.1/lib/locomotive/mounter/reader/runner.rb:73:in `each'
	/Users/mostafa/.rvm/gems/ruby-2.1.1/gems/locomotivecms_mounter-1.4.1/lib/locomotive/mounter/reader/runner.rb:73:in `block in build_mounting_point'
	/Users/mostafa/.rvm/gems/ruby-2.1.1/gems/locomotivecms_mounter-1.4.1/lib/locomotive/mounter/reader/runner.rb:70:in `tap'
	/Users/mostafa/.rvm/gems/ruby-2.1.1/gems/locomotivecms_mounter-1.4.1/lib/locomotive/mounter/reader/runner.rb:70:in `build_mounting_point'
	/Users/mostafa/.rvm/gems/ruby-2.1.1/gems/locomotivecms_mounter-1.4.1/lib/locomotive/mounter/reader/runner.rb:29:in `run!'
	/Users/mostafa/.rvm/gems/ruby-2.1.1/gems/locomotivecms_wagon-1.4.0/lib/locomotive/wagon.rb:169:in `require_mounter'
	/Users/mostafa/.rvm/gems/ruby-2.1.1/gems/locomotivecms_wagon-1.4.0/lib/locomotive/wagon.rb:67:in `push'
	/Users/mostafa/.rvm/gems/ruby-2.1.1/gems/locomotivecms_wagon-1.4.0/lib/locomotive/wagon/cli.rb:196:in `push'
	/Users/mostafa/.rvm/gems/ruby-2.1.1/gems/thor-0.19.1/lib/thor/command.rb:27:in `run'
	/Users/mostafa/.rvm/gems/ruby-2.1.1/gems/thor-0.19.1/lib/thor/invocation.rb:126:in `invoke_command'
	/Users/mostafa/.rvm/gems/ruby-2.1.1/gems/thor-0.19.1/lib/thor.rb:359:in `dispatch'
	/Users/mostafa/.rvm/gems/ruby-2.1.1/gems/thor-0.19.1/lib/thor/base.rb:440:in `start'
	/Users/mostafa/.rvm/gems/ruby-2.1.1/gems/locomotivecms_wagon-1.4.0/bin/wagon:9:in `<top (required)>'
	/Users/mostafa/.rvm/gems/ruby-2.1.1/bin/wagon:23:in `load'
	/Users/mostafa/.rvm/gems/ruby-2.1.1/bin/wagon:23:in `<main>'
	/Users/mostafa/.rvm/gems/ruby-2.1.1/bin/ruby_executable_hooks:15:in `eval'
	/Users/mostafa/.rvm/gems/ruby-2.1.1/bin/ruby_executable_hooks:15:in `<main>'


(<unknown>): did not find expected key while parsing a block mapping at line 4 column 1
	/Users/mostafa/.rvm/rubies/ruby-2.1.1/lib/ruby/2.1.0/psych.rb:370:in `parse'
	/Users/mostafa/.rvm/rubies/ruby-2.1.1/lib/ruby/2.1.0/psych.rb:370:in `parse_stream'
	/Users/mostafa/.rvm/rubies/ruby-2.1.1/lib/ruby/2.1.0/psych.rb:318:in `parse'
	/Users/mostafa/.rvm/rubies/ruby-2.1.1/lib/ruby/2.1.0/psych.rb:245:in `load'
	/Users/mostafa/.rvm/gems/ruby-2.1.1/gems/locomotivecms_mounter-1.4.1/lib/locomotive/mounter/reader/file_system/base.rb:57:in `read_yaml'
	/Users/mostafa/.rvm/gems/ruby-2.1.1/gems/locomotivecms_mounter-1.4.1/lib/locomotive/mounter/reader/file_system/site_reader.rb:11:in `read'
	/Users/mostafa/.rvm/gems/ruby-2.1.1/gems/locomotivecms_mounter-1.4.1/lib/locomotive/mounter/reader/runner.rb:76:in `block (2 levels) in build_mounting_point'
	/Users/mostafa/.rvm/gems/ruby-2.1.1/gems/locomotivecms_mounter-1.4.1/lib/locomotive/mounter/reader/runner.rb:73:in `each'
	/Users/mostafa/.rvm/gems/ruby-2.1.1/gems/locomotivecms_mounter-1.4.1/lib/locomotive/mounter/reader/runner.rb:73:in `block in build_mounting_point'
	/Users/mostafa/.rvm/gems/ruby-2.1.1/gems/locomotivecms_mounter-1.4.1/lib/locomotive/mounter/reader/runner.rb:70:in `tap'
	/Users/mostafa/.rvm/gems/ruby-2.1.1/gems/locomotivecms_mounter-1.4.1/lib/locomotive/mounter/reader/runner.rb:70:in `build_mounting_point'
	/Users/mostafa/.rvm/gems/ruby-2.1.1/gems/locomotivecms_mounter-1.4.1/lib/locomotive/mounter/reader/runner.rb:29:in `run!'
	/Users/mostafa/.rvm/gems/ruby-2.1.1/gems/locomotivecms_wagon-1.4.0/lib/locomotive/wagon.rb:169:in `require_mounter'
	/Users/mostafa/.rvm/gems/ruby-2.1.1/gems/locomotivecms_wagon-1.4.0/lib/locomotive/wagon.rb:67:in `push'
	/Users/mostafa/.rvm/gems/ruby-2.1.1/gems/locomotivecms_wagon-1.4.0/lib/locomotive/wagon/cli.rb:196:in `push'
	/Users/mostafa/.rvm/gems/ruby-2.1.1/gems/thor-0.19.1/lib/thor/command.rb:27:in `run'
	/Users/mostafa/.rvm/gems/ruby-2.1.1/gems/thor-0.19.1/lib/thor/invocation.rb:126:in `invoke_command'
	/Users/mostafa/.rvm/gems/ruby-2.1.1/gems/thor-0.19.1/lib/thor.rb:359:in `dispatch'
	/Users/mostafa/.rvm/gems/ruby-2.1.1/gems/thor-0.19.1/lib/thor/base.rb:440:in `start'
	/Users/mostafa/.rvm/gems/ruby-2.1.1/gems/locomotivecms_wagon-1.4.0/bin/wagon:9:in `<top (required)>'
	/Users/mostafa/.rvm/gems/ruby-2.1.1/bin/wagon:23:in `load'
	/Users/mostafa/.rvm/gems/ruby-2.1.1/bin/wagon:23:in `<main>'
	/Users/mostafa/.rvm/gems/ruby-2.1.1/bin/ruby_executable_hooks:15:in `eval'
	/Users/mostafa/.rvm/gems/ruby-2.1.1/bin/ruby_executable_hooks:15:in `<main>'


(<unknown>): did not find expected key while parsing a block mapping at line 4 column 1
	/Users/mostafa/.rvm/rubies/ruby-2.1.1/lib/ruby/2.1.0/psych.rb:370:in `parse'
	/Users/mostafa/.rvm/rubies/ruby-2.1.1/lib/ruby/2.1.0/psych.rb:370:in `parse_stream'
	/Users/mostafa/.rvm/rubies/ruby-2.1.1/lib/ruby/2.1.0/psych.rb:318:in `parse'
	/Users/mostafa/.rvm/rubies/ruby-2.1.1/lib/ruby/2.1.0/psych.rb:245:in `load'
	/Users/mostafa/.rvm/gems/ruby-2.1.1/gems/locomotivecms_mounter-1.4.1/lib/locomotive/mounter/reader/file_system/base.rb:57:in `read_yaml'
	/Users/mostafa/.rvm/gems/ruby-2.1.1/gems/locomotivecms_mounter-1.4.1/lib/locomotive/mounter/reader/file_system/site_reader.rb:11:in `read'
	/Users/mostafa/.rvm/gems/ruby-2.1.1/gems/locomotivecms_mounter-1.4.1/lib/locomotive/mounter/reader/runner.rb:76:in `block (2 levels) in build_mounting_point'
	/Users/mostafa/.rvm/gems/ruby-2.1.1/gems/locomotivecms_mounter-1.4.1/lib/locomotive/mounter/reader/runner.rb:73:in `each'
	/Users/mostafa/.rvm/gems/ruby-2.1.1/gems/locomotivecms_mounter-1.4.1/lib/locomotive/mounter/reader/runner.rb:73:in `block in build_mounting_point'
	/Users/mostafa/.rvm/gems/ruby-2.1.1/gems/locomotivecms_mounter-1.4.1/lib/locomotive/mounter/reader/runner.rb:70:in `tap'
	/Users/mostafa/.rvm/gems/ruby-2.1.1/gems/locomotivecms_mounter-1.4.1/lib/locomotive/mounter/reader/runner.rb:70:in `build_mounting_point'
	/Users/mostafa/.rvm/gems/ruby-2.1.1/gems/locomotivecms_mounter-1.4.1/lib/locomotive/mounter/reader/runner.rb:29:in `run!'
	/Users/mostafa/.rvm/gems/ruby-2.1.1/gems/locomotivecms_wagon-1.4.0/lib/locomotive/wagon.rb:169:in `require_mounter'
	/Users/mostafa/.rvm/gems/ruby-2.1.1/gems/locomotivecms_wagon-1.4.0/lib/locomotive/wagon.rb:67:in `push'
	/Users/mostafa/.rvm/gems/ruby-2.1.1/gems/locomotivecms_wagon-1.4.0/lib/locomotive/wagon/cli.rb:196:in `push'
	/Users/mostafa/.rvm/gems/ruby-2.1.1/gems/thor-0.19.1/lib/thor/command.rb:27:in `run'
	/Users/mostafa/.rvm/gems/ruby-2.1.1/gems/thor-0.19.1/lib/thor/invocation.rb:126:in `invoke_command'
	/Users/mostafa/.rvm/gems/ruby-2.1.1/gems/thor-0.19.1/lib/thor.rb:359:in `dispatch'
	/Users/mostafa/.rvm/gems/ruby-2.1.1/gems/thor-0.19.1/lib/thor/base.rb:440:in `start'
	/Users/mostafa/.rvm/gems/ruby-2.1.1/gems/locomotivecms_wagon-1.4.0/bin/wagon:9:in `<top (required)>'
	/Users/mostafa/.rvm/gems/ruby-2.1.1/bin/wagon:23:in `load'
	/Users/mostafa/.rvm/gems/ruby-2.1.1/bin/wagon:23:in `<main>'
	/Users/mostafa/.rvm/gems/ruby-2.1.1/bin/ruby_executable_hooks:15:in `eval'
	/Users/mostafa/.rvm/gems/ruby-2.1.1/bin/ruby_executable_hooks:15:in `<main>'


(<unknown>): did not find expected key while parsing a block mapping at line 4 column 1
	/Users/mostafa/.rvm/rubies/ruby-2.1.1/lib/ruby/2.1.0/psych.rb:370:in `parse'
	/Users/mostafa/.rvm/rubies/ruby-2.1.1/lib/ruby/2.1.0/psych.rb:370:in `parse_stream'
	/Users/mostafa/.rvm/rubies/ruby-2.1.1/lib/ruby/2.1.0/psych.rb:318:in `parse'
	/Users/mostafa/.rvm/rubies/ruby-2.1.1/lib/ruby/2.1.0/psych.rb:245:in `load'
	/Users/mostafa/.rvm/gems/ruby-2.1.1/gems/locomotivecms_mounter-1.4.1/lib/locomotive/mounter/reader/file_system/base.rb:57:in `read_yaml'
	/Users/mostafa/.rvm/gems/ruby-2.1.1/gems/locomotivecms_mounter-1.4.1/lib/locomotive/mounter/reader/file_system/site_reader.rb:11:in `read'
	/Users/mostafa/.rvm/gems/ruby-2.1.1/gems/locomotivecms_mounter-1.4.1/lib/locomotive/mounter/reader/runner.rb:76:in `block (2 levels) in build_mounting_point'
	/Users/mostafa/.rvm/gems/ruby-2.1.1/gems/locomotivecms_mounter-1.4.1/lib/locomotive/mounter/reader/runner.rb:73:in `each'
	/Users/mostafa/.rvm/gems/ruby-2.1.1/gems/locomotivecms_mounter-1.4.1/lib/locomotive/mounter/reader/runner.rb:73:in `block in build_mounting_point'
	/Users/mostafa/.rvm/gems/ruby-2.1.1/gems/locomotivecms_mounter-1.4.1/lib/locomotive/mounter/reader/runner.rb:70:in `tap'
	/Users/mostafa/.rvm/gems/ruby-2.1.1/gems/locomotivecms_mounter-1.4.1/lib/locomotive/mounter/reader/runner.rb:70:in `build_mounting_point'
	/Users/mostafa/.rvm/gems/ruby-2.1.1/gems/locomotivecms_mounter-1.4.1/lib/locomotive/mounter/reader/runner.rb:29:in `run!'
	/Users/mostafa/.rvm/gems/ruby-2.1.1/gems/locomotivecms_wagon-1.4.0/lib/locomotive/wagon.rb:169:in `require_mounter'
	/Users/mostafa/.rvm/gems/ruby-2.1.1/gems/locomotivecms_wagon-1.4.0/lib/locomotive/wagon.rb:67:in `push'
	/Users/mostafa/.rvm/gems/ruby-2.1.1/gems/locomotivecms_wagon-1.4.0/lib/locomotive/wagon/cli.rb:196:in `push'
	/Users/mostafa/.rvm/gems/ruby-2.1.1/gems/thor-0.19.1/lib/thor/command.rb:27:in `run'
	/Users/mostafa/.rvm/gems/ruby-2.1.1/gems/thor-0.19.1/lib/thor/invocation.rb:126:in `invoke_command'
	/Users/mostafa/.rvm/gems/ruby-2.1.1/gems/thor-0.19.1/lib/thor.rb:359:in `dispatch'
	/Users/mostafa/.rvm/gems/ruby-2.1.1/gems/thor-0.19.1/lib/thor/base.rb:440:in `start'
	/Users/mostafa/.rvm/gems/ruby-2.1.1/gems/locomotivecms_wagon-1.4.0/bin/wagon:9:in `<top (required)>'
	/Users/mostafa/.rvm/gems/ruby-2.1.1/bin/wagon:23:in `load'
	/Users/mostafa/.rvm/gems/ruby-2.1.1/bin/wagon:23:in `<main>'
	/Users/mostafa/.rvm/gems/ruby-2.1.1/bin/ruby_executable_hooks:15:in `eval'
	/Users/mostafa/.rvm/gems/ruby-2.1.1/bin/ruby_executable_hooks:15:in `<main>'


(<unknown>): did not find expected key while parsing a block mapping at line 4 column 1
	/Users/mostafa/.rvm/rubies/ruby-2.1.1/lib/ruby/2.1.0/psych.rb:370:in `parse'
	/Users/mostafa/.rvm/rubies/ruby-2.1.1/lib/ruby/2.1.0/psych.rb:370:in `parse_stream'
	/Users/mostafa/.rvm/rubies/ruby-2.1.1/lib/ruby/2.1.0/psych.rb:318:in `parse'
	/Users/mostafa/.rvm/rubies/ruby-2.1.1/lib/ruby/2.1.0/psych.rb:245:in `load'
	/Users/mostafa/.rvm/gems/ruby-2.1.1/gems/locomotivecms_mounter-1.4.1/lib/locomotive/mounter/reader/file_system/base.rb:57:in `read_yaml'
	/Users/mostafa/.rvm/gems/ruby-2.1.1/gems/locomotivecms_mounter-1.4.1/lib/locomotive/mounter/reader/file_system/site_reader.rb:11:in `read'
	/Users/mostafa/.rvm/gems/ruby-2.1.1/gems/locomotivecms_mounter-1.4.1/lib/locomotive/mounter/reader/runner.rb:76:in `block (2 levels) in build_mounting_point'
	/Users/mostafa/.rvm/gems/ruby-2.1.1/gems/locomotivecms_mounter-1.4.1/lib/locomotive/mounter/reader/runner.rb:73:in `each'
	/Users/mostafa/.rvm/gems/ruby-2.1.1/gems/locomotivecms_mounter-1.4.1/lib/locomotive/mounter/reader/runner.rb:73:in `block in build_mounting_point'
	/Users/mostafa/.rvm/gems/ruby-2.1.1/gems/locomotivecms_mounter-1.4.1/lib/locomotive/mounter/reader/runner.rb:70:in `tap'
	/Users/mostafa/.rvm/gems/ruby-2.1.1/gems/locomotivecms_mounter-1.4.1/lib/locomotive/mounter/reader/runner.rb:70:in `build_mounting_point'
	/Users/mostafa/.rvm/gems/ruby-2.1.1/gems/locomotivecms_mounter-1.4.1/lib/locomotive/mounter/reader/runner.rb:29:in `run!'
	/Users/mostafa/.rvm/gems/ruby-2.1.1/gems/locomotivecms_wagon-1.4.0/lib/locomotive/wagon.rb:169:in `require_mounter'
	/Users/mostafa/.rvm/gems/ruby-2.1.1/gems/locomotivecms_wagon-1.4.0/lib/locomotive/wagon.rb:67:in `push'
	/Users/mostafa/.rvm/gems/ruby-2.1.1/gems/locomotivecms_wagon-1.4.0/lib/locomotive/wagon/cli.rb:196:in `push'
	/Users/mostafa/.rvm/gems/ruby-2.1.1/gems/thor-0.19.1/lib/thor/command.rb:27:in `run'
	/Users/mostafa/.rvm/gems/ruby-2.1.1/gems/thor-0.19.1/lib/thor/invocation.rb:126:in `invoke_command'
	/Users/mostafa/.rvm/gems/ruby-2.1.1/gems/thor-0.19.1/lib/thor.rb:359:in `dispatch'
	/Users/mostafa/.rvm/gems/ruby-2.1.1/gems/thor-0.19.1/lib/thor/base.rb:440:in `start'
	/Users/mostafa/.rvm/gems/ruby-2.1.1/gems/locomotivecms_wagon-1.4.0/bin/wagon:9:in `<top (required)>'
	/Users/mostafa/.rvm/gems/ruby-2.1.1/bin/wagon:23:in `load'
	/Users/mostafa/.rvm/gems/ruby-2.1.1/bin/wagon:23:in `<main>'
	/Users/mostafa/.rvm/gems/ruby-2.1.1/bin/ruby_executable_hooks:15:in `eval'
	/Users/mostafa/.rvm/gems/ruby-2.1.1/bin/ruby_executable_hooks:15:in `<main>'


(<unknown>): did not find expected key while parsing a block mapping at line 4 column 1
	/Users/mostafa/.rvm/rubies/ruby-2.1.1/lib/ruby/2.1.0/psych.rb:370:in `parse'
	/Users/mostafa/.rvm/rubies/ruby-2.1.1/lib/ruby/2.1.0/psych.rb:370:in `parse_stream'
	/Users/mostafa/.rvm/rubies/ruby-2.1.1/lib/ruby/2.1.0/psych.rb:318:in `parse'
	/Users/mostafa/.rvm/rubies/ruby-2.1.1/lib/ruby/2.1.0/psych.rb:245:in `load'
	/Users/mostafa/.rvm/gems/ruby-2.1.1/gems/locomotivecms_mounter-1.4.1/lib/locomotive/mounter/reader/file_system/base.rb:57:in `read_yaml'
	/Users/mostafa/.rvm/gems/ruby-2.1.1/gems/locomotivecms_mounter-1.4.1/lib/locomotive/mounter/reader/file_system/site_reader.rb:11:in `read'
	/Users/mostafa/.rvm/gems/ruby-2.1.1/gems/locomotivecms_mounter-1.4.1/lib/locomotive/mounter/reader/runner.rb:76:in `block (2 levels) in build_mounting_point'
	/Users/mostafa/.rvm/gems/ruby-2.1.1/gems/locomotivecms_mounter-1.4.1/lib/locomotive/mounter/reader/runner.rb:73:in `each'
	/Users/mostafa/.rvm/gems/ruby-2.1.1/gems/locomotivecms_mounter-1.4.1/lib/locomotive/mounter/reader/runner.rb:73:in `block in build_mounting_point'
	/Users/mostafa/.rvm/gems/ruby-2.1.1/gems/locomotivecms_mounter-1.4.1/lib/locomotive/mounter/reader/runner.rb:70:in `tap'
	/Users/mostafa/.rvm/gems/ruby-2.1.1/gems/locomotivecms_mounter-1.4.1/lib/locomotive/mounter/reader/runner.rb:70:in `build_mounting_point'
	/Users/mostafa/.rvm/gems/ruby-2.1.1/gems/locomotivecms_mounter-1.4.1/lib/locomotive/mounter/reader/runner.rb:29:in `run!'
	/Users/mostafa/.rvm/gems/ruby-2.1.1/gems/locomotivecms_wagon-1.4.0/lib/locomotive/wagon.rb:169:in `require_mounter'
	/Users/mostafa/.rvm/gems/ruby-2.1.1/gems/locomotivecms_wagon-1.4.0/lib/locomotive/wagon.rb:24:in `serve'
	/Users/mostafa/.rvm/gems/ruby-2.1.1/gems/locomotivecms_wagon-1.4.0/lib/locomotive/wagon/cli.rb:179:in `serve'
	/Users/mostafa/.rvm/gems/ruby-2.1.1/gems/thor-0.19.1/lib/thor/command.rb:27:in `run'
	/Users/mostafa/.rvm/gems/ruby-2.1.1/gems/thor-0.19.1/lib/thor/invocation.rb:126:in `invoke_command'
	/Users/mostafa/.rvm/gems/ruby-2.1.1/gems/thor-0.19.1/lib/thor.rb:359:in `dispatch'
	/Users/mostafa/.rvm/gems/ruby-2.1.1/gems/thor-0.19.1/lib/thor/base.rb:440:in `start'
	/Users/mostafa/.rvm/gems/ruby-2.1.1/gems/locomotivecms_wagon-1.4.0/bin/wagon:9:in `<top (required)>'
	/Users/mostafa/.rvm/gems/ruby-2.1.1/bin/wagon:23:in `load'
	/Users/mostafa/.rvm/gems/ruby-2.1.1/bin/wagon:23:in `<main>'
	/Users/mostafa/.rvm/gems/ruby-2.1.1/bin/ruby_executable_hooks:15:in `eval'
	/Users/mostafa/.rvm/gems/ruby-2.1.1/bin/ruby_executable_hooks:15:in `<main>'


(<unknown>): did not find expected key while parsing a block mapping at line 4 column 1
	/Users/mostafa/.rvm/rubies/ruby-2.1.1/lib/ruby/2.1.0/psych.rb:370:in `parse'
	/Users/mostafa/.rvm/rubies/ruby-2.1.1/lib/ruby/2.1.0/psych.rb:370:in `parse_stream'
	/Users/mostafa/.rvm/rubies/ruby-2.1.1/lib/ruby/2.1.0/psych.rb:318:in `parse'
	/Users/mostafa/.rvm/rubies/ruby-2.1.1/lib/ruby/2.1.0/psych.rb:245:in `load'
	/Users/mostafa/.rvm/gems/ruby-2.1.1/gems/locomotivecms_mounter-1.4.1/lib/locomotive/mounter/reader/file_system/base.rb:57:in `read_yaml'
	/Users/mostafa/.rvm/gems/ruby-2.1.1/gems/locomotivecms_mounter-1.4.1/lib/locomotive/mounter/reader/file_system/site_reader.rb:11:in `read'
	/Users/mostafa/.rvm/gems/ruby-2.1.1/gems/locomotivecms_mounter-1.4.1/lib/locomotive/mounter/reader/runner.rb:76:in `block (2 levels) in build_mounting_point'
	/Users/mostafa/.rvm/gems/ruby-2.1.1/gems/locomotivecms_mounter-1.4.1/lib/locomotive/mounter/reader/runner.rb:73:in `each'
	/Users/mostafa/.rvm/gems/ruby-2.1.1/gems/locomotivecms_mounter-1.4.1/lib/locomotive/mounter/reader/runner.rb:73:in `block in build_mounting_point'
	/Users/mostafa/.rvm/gems/ruby-2.1.1/gems/locomotivecms_mounter-1.4.1/lib/locomotive/mounter/reader/runner.rb:70:in `tap'
	/Users/mostafa/.rvm/gems/ruby-2.1.1/gems/locomotivecms_mounter-1.4.1/lib/locomotive/mounter/reader/runner.rb:70:in `build_mounting_point'
	/Users/mostafa/.rvm/gems/ruby-2.1.1/gems/locomotivecms_mounter-1.4.1/lib/locomotive/mounter/reader/runner.rb:29:in `run!'
	/Users/mostafa/.rvm/gems/ruby-2.1.1/gems/locomotivecms_wagon-1.4.0/lib/locomotive/wagon.rb:169:in `require_mounter'
	/Users/mostafa/.rvm/gems/ruby-2.1.1/gems/locomotivecms_wagon-1.4.0/lib/locomotive/wagon.rb:24:in `serve'
	/Users/mostafa/.rvm/gems/ruby-2.1.1/gems/locomotivecms_wagon-1.4.0/lib/locomotive/wagon/cli.rb:179:in `serve'
	/Users/mostafa/.rvm/gems/ruby-2.1.1/gems/thor-0.19.1/lib/thor/command.rb:27:in `run'
	/Users/mostafa/.rvm/gems/ruby-2.1.1/gems/thor-0.19.1/lib/thor/invocation.rb:126:in `invoke_command'
	/Users/mostafa/.rvm/gems/ruby-2.1.1/gems/thor-0.19.1/lib/thor.rb:359:in `dispatch'
	/Users/mostafa/.rvm/gems/ruby-2.1.1/gems/thor-0.19.1/lib/thor/base.rb:440:in `start'
	/Users/mostafa/.rvm/gems/ruby-2.1.1/gems/locomotivecms_wagon-1.4.0/bin/wagon:9:in `<top (required)>'
	/Users/mostafa/.rvm/gems/ruby-2.1.1/bin/wagon:23:in `load'
	/Users/mostafa/.rvm/gems/ruby-2.1.1/bin/wagon:23:in `<main>'
	/Users/mostafa/.rvm/gems/ruby-2.1.1/bin/ruby_executable_hooks:15:in `eval'
	/Users/mostafa/.rvm/gems/ruby-2.1.1/bin/ruby_executable_hooks:15:in `<main>'


(<unknown>): did not find expected key while parsing a block mapping at line 4 column 1
	/Users/mostafa/.rvm/rubies/ruby-2.1.1/lib/ruby/2.1.0/psych.rb:370:in `parse'
	/Users/mostafa/.rvm/rubies/ruby-2.1.1/lib/ruby/2.1.0/psych.rb:370:in `parse_stream'
	/Users/mostafa/.rvm/rubies/ruby-2.1.1/lib/ruby/2.1.0/psych.rb:318:in `parse'
	/Users/mostafa/.rvm/rubies/ruby-2.1.1/lib/ruby/2.1.0/psych.rb:245:in `load'
	/Users/mostafa/.rvm/gems/ruby-2.1.1/gems/locomotivecms_mounter-1.4.1/lib/locomotive/mounter/reader/file_system/base.rb:57:in `read_yaml'
	/Users/mostafa/.rvm/gems/ruby-2.1.1/gems/locomotivecms_mounter-1.4.1/lib/locomotive/mounter/reader/file_system/site_reader.rb:11:in `read'
	/Users/mostafa/.rvm/gems/ruby-2.1.1/gems/locomotivecms_mounter-1.4.1/lib/locomotive/mounter/reader/runner.rb:76:in `block (2 levels) in build_mounting_point'
	/Users/mostafa/.rvm/gems/ruby-2.1.1/gems/locomotivecms_mounter-1.4.1/lib/locomotive/mounter/reader/runner.rb:73:in `each'
	/Users/mostafa/.rvm/gems/ruby-2.1.1/gems/locomotivecms_mounter-1.4.1/lib/locomotive/mounter/reader/runner.rb:73:in `block in build_mounting_point'
	/Users/mostafa/.rvm/gems/ruby-2.1.1/gems/locomotivecms_mounter-1.4.1/lib/locomotive/mounter/reader/runner.rb:70:in `tap'
	/Users/mostafa/.rvm/gems/ruby-2.1.1/gems/locomotivecms_mounter-1.4.1/lib/locomotive/mounter/reader/runner.rb:70:in `build_mounting_point'
	/Users/mostafa/.rvm/gems/ruby-2.1.1/gems/locomotivecms_mounter-1.4.1/lib/locomotive/mounter/reader/runner.rb:29:in `run!'
	/Users/mostafa/.rvm/gems/ruby-2.1.1/gems/locomotivecms_wagon-1.4.0/lib/locomotive/wagon.rb:169:in `require_mounter'
	/Users/mostafa/.rvm/gems/ruby-2.1.1/gems/locomotivecms_wagon-1.4.0/lib/locomotive/wagon.rb:24:in `serve'
	/Users/mostafa/.rvm/gems/ruby-2.1.1/gems/locomotivecms_wagon-1.4.0/lib/locomotive/wagon/cli.rb:179:in `serve'
	/Users/mostafa/.rvm/gems/ruby-2.1.1/gems/thor-0.19.1/lib/thor/command.rb:27:in `run'
	/Users/mostafa/.rvm/gems/ruby-2.1.1/gems/thor-0.19.1/lib/thor/invocation.rb:126:in `invoke_command'
	/Users/mostafa/.rvm/gems/ruby-2.1.1/gems/thor-0.19.1/lib/thor.rb:359:in `dispatch'
	/Users/mostafa/.rvm/gems/ruby-2.1.1/gems/thor-0.19.1/lib/thor/base.rb:440:in `start'
	/Users/mostafa/.rvm/gems/ruby-2.1.1/gems/locomotivecms_wagon-1.4.0/bin/wagon:9:in `<top (required)>'
	/Users/mostafa/.rvm/gems/ruby-2.1.1/bin/wagon:23:in `load'
	/Users/mostafa/.rvm/gems/ruby-2.1.1/bin/wagon:23:in `<main>'
	/Users/mostafa/.rvm/gems/ruby-2.1.1/bin/ruby_executable_hooks:15:in `eval'
	/Users/mostafa/.rvm/gems/ruby-2.1.1/bin/ruby_executable_hooks:15:in `<main>'


(<unknown>): did not find expected key while parsing a block mapping at line 4 column 1
	/Users/mostafa/.rvm/rubies/ruby-2.1.1/lib/ruby/2.1.0/psych.rb:370:in `parse'
	/Users/mostafa/.rvm/rubies/ruby-2.1.1/lib/ruby/2.1.0/psych.rb:370:in `parse_stream'
	/Users/mostafa/.rvm/rubies/ruby-2.1.1/lib/ruby/2.1.0/psych.rb:318:in `parse'
	/Users/mostafa/.rvm/rubies/ruby-2.1.1/lib/ruby/2.1.0/psych.rb:245:in `load'
	/Users/mostafa/.rvm/gems/ruby-2.1.1/gems/locomotivecms_mounter-1.4.1/lib/locomotive/mounter/reader/file_system/base.rb:57:in `read_yaml'
	/Users/mostafa/.rvm/gems/ruby-2.1.1/gems/locomotivecms_mounter-1.4.1/lib/locomotive/mounter/reader/file_system/site_reader.rb:11:in `read'
	/Users/mostafa/.rvm/gems/ruby-2.1.1/gems/locomotivecms_mounter-1.4.1/lib/locomotive/mounter/reader/runner.rb:76:in `block (2 levels) in build_mounting_point'
	/Users/mostafa/.rvm/gems/ruby-2.1.1/gems/locomotivecms_mounter-1.4.1/lib/locomotive/mounter/reader/runner.rb:73:in `each'
	/Users/mostafa/.rvm/gems/ruby-2.1.1/gems/locomotivecms_mounter-1.4.1/lib/locomotive/mounter/reader/runner.rb:73:in `block in build_mounting_point'
	/Users/mostafa/.rvm/gems/ruby-2.1.1/gems/locomotivecms_mounter-1.4.1/lib/locomotive/mounter/reader/runner.rb:70:in `tap'
	/Users/mostafa/.rvm/gems/ruby-2.1.1/gems/locomotivecms_mounter-1.4.1/lib/locomotive/mounter/reader/runner.rb:70:in `build_mounting_point'
	/Users/mostafa/.rvm/gems/ruby-2.1.1/gems/locomotivecms_mounter-1.4.1/lib/locomotive/mounter/reader/runner.rb:29:in `run!'
	/Users/mostafa/.rvm/gems/ruby-2.1.1/gems/locomotivecms_wagon-1.4.0/lib/locomotive/wagon.rb:169:in `require_mounter'
	/Users/mostafa/.rvm/gems/ruby-2.1.1/gems/locomotivecms_wagon-1.4.0/lib/locomotive/wagon.rb:24:in `serve'
	/Users/mostafa/.rvm/gems/ruby-2.1.1/gems/locomotivecms_wagon-1.4.0/lib/locomotive/wagon/cli.rb:179:in `serve'
	/Users/mostafa/.rvm/gems/ruby-2.1.1/gems/thor-0.19.1/lib/thor/command.rb:27:in `run'
	/Users/mostafa/.rvm/gems/ruby-2.1.1/gems/thor-0.19.1/lib/thor/invocation.rb:126:in `invoke_command'
	/Users/mostafa/.rvm/gems/ruby-2.1.1/gems/thor-0.19.1/lib/thor.rb:359:in `dispatch'
	/Users/mostafa/.rvm/gems/ruby-2.1.1/gems/thor-0.19.1/lib/thor/base.rb:440:in `start'
	/Users/mostafa/.rvm/gems/ruby-2.1.1/gems/locomotivecms_wagon-1.4.0/bin/wagon:9:in `<top (required)>'
	/Users/mostafa/.rvm/gems/ruby-2.1.1/bin/wagon:23:in `load'
	/Users/mostafa/.rvm/gems/ruby-2.1.1/bin/wagon:23:in `<main>'
	/Users/mostafa/.rvm/gems/ruby-2.1.1/bin/ruby_executable_hooks:15:in `eval'
	/Users/mostafa/.rvm/gems/ruby-2.1.1/bin/ruby_executable_hooks:15:in `<main>'


[0;97;49mStarted GET "/" at 2014-06-25 22:34:44 +0200[0m
Detecting locale EN
Found page "Home" [index]
  Rendered liquid page template
[0;32;49mCompleted 200 OK in 40.1ms

[0m
